<?xml version="1.0" encoding="UTF-8" ?>
<testsuite tests="19" failures="0" name="com.daily.Cucumber_test.TestRunner" time="0.044" errors="0" skipped="16">
  <properties>
[...]
</properties>
  <testcase classname="Scenario: Title of your scenario" name="Given I want to write a step with precondition" time="0.004">
    <skipped/>
    <system-out>#Author: your.email@your.domain.com
#Keywords Summary :
#Feature: List of scenarios.
#Scenario: Business rule through list of steps with arguments.
#Given: Some precondition step
#When: Some key actions
#Then: To observe outcomes or validation
#And,But: To enumerate more Given,When,Then steps
#Scenario Outline: List of steps for data-driven as an Examples and &lt;placeholder&gt;
#Examples: Container for s table
#Background: List of steps run before each of the scenarios
#&quot;&quot;&quot; (Doc Strings)
#| (Data Tables)
#@ (Tags/Labels):To group Scenarios
#&lt;&gt; (placeholder)
#&quot;&quot;
## (Comments)
#Sample Feature Definition Template
@tag
Feature: Title of your feature
  I want to use this template for my feature file
</system-out>
  </testcase>
  <testcase classname="Scenario: Title of your scenario" name="And some other precondition" time="0.004">
    <skipped/>
  </testcase>
  <testcase classname="Scenario: Title of your scenario" name="When I complete action" time="0.004">
    <skipped/>
  </testcase>
  <testcase classname="Scenario: Title of your scenario" name="And some other action" time="0.004">
    <skipped/>
  </testcase>
  <testcase classname="Scenario: Title of your scenario" name="And yet another action" time="0.004">
    <skipped/>
  </testcase>
  <testcase classname="Scenario: Title of your scenario" name="Then I validate the outcomes" time="0.004">
    <skipped/>
  </testcase>
  <testcase classname="Scenario: Title of your scenario" name="And check more outcomes" time="0.004">
    <skipped/>
  </testcase>
  <testcase classname="Scenario: Title of your scenario" name="Scenario: Title of your scenario" time="0.004">
    <skipped/>
  </testcase>
  <testcase classname="Scenario: Title of your scenario" name="Scenario: Title of your scenario" time="0.004"/>
  <testcase classname="| name1 | 5 | success |" name="Given I want to write a step with name1" time="0.001">
    <skipped/>
    <system-out>
  @tag1
  Scenario: Title of your scenario                 &amp;#27;[90m# Discount.feature:24&amp;#27;[0m
    &amp;#27;[33mGiven &amp;#27;[0m&amp;#27;[33mI want to write a step with precondition&amp;#27;[0m
    &amp;#27;[33mAnd &amp;#27;[0m&amp;#27;[33msome other precondition&amp;#27;[0m
    &amp;#27;[33mWhen &amp;#27;[0m&amp;#27;[33mI complete action&amp;#27;[0m
    &amp;#27;[33mAnd &amp;#27;[0m&amp;#27;[33msome other action&amp;#27;[0m
    &amp;#27;[33mAnd &amp;#27;[0m&amp;#27;[33myet another action&amp;#27;[0m
    &amp;#27;[33mThen &amp;#27;[0m&amp;#27;[33mI validate the outcomes&amp;#27;[0m
    &amp;#27;[33mAnd &amp;#27;[0m&amp;#27;[33mcheck more outcomes&amp;#27;[0m

  @tag2
  Scenario Outline: Title of your scenario outline &amp;#27;[90m# Discount.feature:34&amp;#27;[0m
    &amp;#27;[36mGiven &amp;#27;[0m&amp;#27;[36mI want to write a step with &lt;name&gt;&amp;#27;[0m
    &amp;#27;[36mWhen &amp;#27;[0m&amp;#27;[36mI check for the &lt;value&gt; in step&amp;#27;[0m
    &amp;#27;[36mThen &amp;#27;[0m&amp;#27;[36mI verify the &lt;status&gt; in step&amp;#27;[0m

    Examples: 
</system-out>
  </testcase>
  <testcase classname="| name1 | 5 | success |" name="When I check for the 5 in step" time="0.001">
    <skipped/>
  </testcase>
  <testcase classname="| name1 | 5 | success |" name="Then I verify the success in step" time="0.001">
    <skipped/>
  </testcase>
  <testcase classname="| name1 | 5 | success |" name="| name1 | 5 | success |" time="0.001">
    <skipped/>
  </testcase>
  <testcase classname="| name1 | 5 | success |" name="| name1 | 5 | success |" time="0.001"/>
  <testcase classname="| name2 | 7 | Fail |" name="Given I want to write a step with name2" time="0">
    <skipped/>
    <system-out>
  @tag @tag2
  Scenario Outline: Title of your scenario outline &amp;#27;[90m# Discount.feature:41&amp;#27;[0m
    &amp;#27;[33mGiven &amp;#27;[0m&amp;#27;[33mI want to write a step with name1&amp;#27;[0m
    &amp;#27;[33mWhen &amp;#27;[0m&amp;#27;[33mI check for the 5 in step&amp;#27;[0m
    &amp;#27;[33mThen &amp;#27;[0m&amp;#27;[33mI verify the success in step&amp;#27;[0m
</system-out>
  </testcase>
  <testcase classname="| name2 | 7 | Fail |" name="When I check for the 7 in step" time="0">
    <skipped/>
  </testcase>
  <testcase classname="| name2 | 7 | Fail |" name="Then I verify the Fail in step" time="0.001">
    <skipped/>
  </testcase>
  <testcase classname="| name2 | 7 | Fail |" name="| name2 | 7 | Fail |" time="0.001">
    <skipped/>
  </testcase>
  <testcase classname="| name2 | 7 | Fail |" name="| name2 | 7 | Fail |" time="0.001"/>
</testsuite>